<?xml version="1.0" encoding="UTF-8"?>
<testsuite name="internalnetpoc.InternalNetPocApplicationTests" tests="1" skipped="0" failures="0" errors="0" timestamp="2024-08-03T03:41:17" hostname="client-Bonginkosi-Mnguni.local" time="0.413">
  <properties/>
  <testcase name="contextLoads()" classname="internalnetpoc.InternalNetPocApplicationTests" time="0.413"/>
  <system-out><![CDATA[05:41:15.981 [Test worker] INFO org.springframework.test.context.support.AnnotationConfigContextLoaderUtils -- Could not detect default configuration classes for test class [internalnetpoc.InternalNetPocApplicationTests]: InternalNetPocApplicationTests does not declare any static, non-private, non-final, nested classes annotated with @Configuration.
05:41:16.018 [Test worker] INFO org.springframework.boot.test.context.SpringBootTestContextBootstrapper -- Found @SpringBootConfiguration internalnetpoc.InternalNetPocApplication for test class internalnetpoc.InternalNetPocApplicationTests

  .   ____          _            __ _ _
 /\\ / ___'_ __ _ _(_)_ __  __ _ \ \ \ \
( ( )\___ | '_ | '_| | '_ \/ _` | \ \ \ \
 \\/  ___)| |_)| | | | | || (_| |  ) ) ) )
  '  |____| .__|_| |_|_| |_\__, | / / / /
 =========|_|==============|___/=/_/_/_/

 :: Spring Boot ::                (v3.3.2)

2024-08-03T05:41:16.137+02:00  WARN 76314 --- [internal-net-poc] [    Test worker] ory$DuplicateJsonObjectContextCustomizer : 

Found multiple occurrences of org.json.JSONObject on the class path:

	jar:file:/Users/nkosi/.gradle/caches/modules-2/files-2.1/com.vaadin.external.google/android-json/0.0.20131108.vaadin1/fa26d351fe62a6a17f5cda1287c1c6110dec413f/android-json-0.0.20131108.vaadin1.jar!/org/json/JSONObject.class
	jar:file:/Users/nkosi/.gradle/caches/modules-2/files-2.1/org.json/json/20240303/ebb88e8fb5122b7506d5cf1d69f1ccdb790d22a/json-20240303.jar!/org/json/JSONObject.class

You may wish to exclude one of them to ensure predictable runtime behavior

2024-08-03T05:41:16.142+02:00  INFO 76314 --- [internal-net-poc] [    Test worker] i.InternalNetPocApplicationTests         : Starting InternalNetPocApplicationTests using Java 21.0.3 with PID 76314 (started by nkosi in /Users/nkosi/Documents/source/projects/internal-net-poc)
2024-08-03T05:41:16.142+02:00  INFO 76314 --- [internal-net-poc] [    Test worker] i.InternalNetPocApplicationTests         : No active profile set, falling back to 1 default profile: "default"
2024-08-03T05:41:16.400+02:00  INFO 76314 --- [internal-net-poc] [    Test worker] .s.d.r.c.RepositoryConfigurationDelegate : Multiple Spring Data modules found, entering strict repository configuration mode
2024-08-03T05:41:16.400+02:00  INFO 76314 --- [internal-net-poc] [    Test worker] .s.d.r.c.RepositoryConfigurationDelegate : Bootstrapping Spring Data Neo4j repositories in DEFAULT mode.
2024-08-03T05:41:16.447+02:00  INFO 76314 --- [internal-net-poc] [    Test worker] .s.d.r.c.RepositoryConfigurationDelegate : Finished Spring Data repository scanning in 45 ms. Found 1 Neo4j repository interface.
2024-08-03T05:41:16.527+02:00  INFO 76314 --- [internal-net-poc] [    Test worker] .s.d.r.c.RepositoryConfigurationDelegate : Multiple Spring Data modules found, entering strict repository configuration mode
2024-08-03T05:41:16.527+02:00  INFO 76314 --- [internal-net-poc] [    Test worker] .s.d.r.c.RepositoryConfigurationDelegate : Bootstrapping Spring Data Neo4j repositories in DEFAULT mode.
2024-08-03T05:41:16.534+02:00  INFO 76314 --- [internal-net-poc] [    Test worker] .s.d.r.c.RepositoryConfigurationDelegate : Finished Spring Data repository scanning in 6 ms. Found 0 Neo4j repository interfaces.
2024-08-03T05:41:16.538+02:00  INFO 76314 --- [internal-net-poc] [    Test worker] .s.d.r.c.RepositoryConfigurationDelegate : Multiple Spring Data modules found, entering strict repository configuration mode
2024-08-03T05:41:16.539+02:00  INFO 76314 --- [internal-net-poc] [    Test worker] .s.d.r.c.RepositoryConfigurationDelegate : Bootstrapping Spring Data Redis repositories in DEFAULT mode.
2024-08-03T05:41:16.545+02:00  INFO 76314 --- [internal-net-poc] [    Test worker] .RepositoryConfigurationExtensionSupport : Spring Data Redis - Could not safely identify store assignment for repository candidate interface internalnetpoc.repository.PersonRepository; If you want this repository to be a Redis repository, consider annotating your entities with one of these annotations: org.springframework.data.redis.core.RedisHash (preferred), or consider extending one of the following types with your repository: org.springframework.data.keyvalue.repository.KeyValueRepository
2024-08-03T05:41:16.545+02:00  INFO 76314 --- [internal-net-poc] [    Test worker] .s.d.r.c.RepositoryConfigurationDelegate : Finished Spring Data repository scanning in 3 ms. Found 0 Redis repository interfaces.
2024-08-03T05:41:16.793+02:00  INFO 76314 --- [internal-net-poc] [    Test worker] org.neo4j.ogm.metadata.DomainInfo        : Starting Post-processing phase
2024-08-03T05:41:16.794+02:00  INFO 76314 --- [internal-net-poc] [    Test worker] org.neo4j.ogm.metadata.DomainInfo        : Building byLabel lookup maps
2024-08-03T05:41:16.794+02:00  INFO 76314 --- [internal-net-poc] [    Test worker] org.neo4j.ogm.metadata.DomainInfo        : Building interface class map for 30 classes
2024-08-03T05:41:16.797+02:00  INFO 76314 --- [internal-net-poc] [    Test worker] org.neo4j.ogm.metadata.DomainInfo        : Post-processing complete
2024-08-03T05:41:17.057+02:00  WARN 76314 --- [internal-net-poc] [    Test worker] o.s.d.n.c.mapping.Neo4jPersistentEntity  : The entity internalnetpoc.entity.node.Role is using a Long value for storing internally generated Neo4j ids. The Neo4j internal Long Ids are deprecated, please consider using an external ID generator.
2024-08-03T05:41:17.066+02:00  WARN 76314 --- [internal-net-poc] [    Test worker] o.s.d.n.c.mapping.Neo4jPersistentEntity  : The entity internalnetpoc.entity.relationship.Manager is using a Long value for storing internally generated Neo4j ids. The Neo4j internal Long Ids are deprecated, please consider using an external ID generator.
2024-08-03T05:41:17.067+02:00  WARN 76314 --- [internal-net-poc] [    Test worker] o.s.d.n.c.mapping.Neo4jPersistentEntity  : The entity internalnetpoc.entity.node.Skill is using a Long value for storing internally generated Neo4j ids. The Neo4j internal Long Ids are deprecated, please consider using an external ID generator.
2024-08-03T05:41:17.067+02:00  WARN 76314 --- [internal-net-poc] [    Test worker] o.s.d.n.c.mapping.Neo4jPersistentEntity  : The entity internalnetpoc.entity.relationship.PersonSkill is using a Long value for storing internally generated Neo4j ids. The Neo4j internal Long Ids are deprecated, please consider using an external ID generator.
2024-08-03T05:41:17.069+02:00  WARN 76314 --- [internal-net-poc] [    Test worker] o.s.d.n.c.mapping.Neo4jPersistentEntity  : The entity internalnetpoc.entity.relationship.Contribution is using a Long value for storing internally generated Neo4j ids. The Neo4j internal Long Ids are deprecated, please consider using an external ID generator.
2024-08-03T05:41:17.069+02:00  WARN 76314 --- [internal-net-poc] [    Test worker] o.s.d.n.c.mapping.Neo4jPersistentEntity  : The entity internalnetpoc.entity.node.Guild is using a Long value for storing internally generated Neo4j ids. The Neo4j internal Long Ids are deprecated, please consider using an external ID generator.
2024-08-03T05:41:17.070+02:00  WARN 76314 --- [internal-net-poc] [    Test worker] o.s.d.n.c.mapping.Neo4jPersistentEntity  : The entity internalnetpoc.entity.relationship.GuildMember is using a Long value for storing internally generated Neo4j ids. The Neo4j internal Long Ids are deprecated, please consider using an external ID generator.
2024-08-03T05:41:17.071+02:00  WARN 76314 --- [internal-net-poc] [    Test worker] o.s.d.n.c.mapping.Neo4jPersistentEntity  : The entity internalnetpoc.entity.node.Person is using a Long value for storing internally generated Neo4j ids. The Neo4j internal Long Ids are deprecated, please consider using an external ID generator.
2024-08-03T05:41:17.071+02:00  WARN 76314 --- [internal-net-poc] [    Test worker] o.s.d.n.c.mapping.Neo4jPersistentEntity  : The entity internalnetpoc.entity.relationship.Interaction is using a Long value for storing internally generated Neo4j ids. The Neo4j internal Long Ids are deprecated, please consider using an external ID generator.
2024-08-03T05:41:17.072+02:00  WARN 76314 --- [internal-net-poc] [    Test worker] o.s.d.n.c.mapping.Neo4jPersistentEntity  : The entity internalnetpoc.entity.relationship.RoleOccupant is using a Long value for storing internally generated Neo4j ids. The Neo4j internal Long Ids are deprecated, please consider using an external ID generator.
2024-08-03T05:41:17.436+02:00  INFO 76314 --- [internal-net-poc] [    Test worker] i.InternalNetPocApplicationTests         : Started InternalNetPocApplicationTests in 1.375 seconds (process running for 1.826)
]]></system-out>
  <system-err><![CDATA[WARNING: A Java agent has been loaded dynamically (/Users/nkosi/.gradle/caches/modules-2/files-2.1/net.bytebuddy/byte-buddy-agent/1.14.18/417558ea01fe9f0e8a94af28b9469d281c4e3984/byte-buddy-agent-1.14.18.jar)
WARNING: If a serviceability tool is in use, please run with -XX:+EnableDynamicAgentLoading to hide this warning
WARNING: If a serviceability tool is not in use, please run with -Djdk.instrument.traceUsage for more information
WARNING: Dynamic loading of agents will be disallowed by default in a future release
]]></system-err>
</testsuite>
